[18:01:40] [ServerMain/INFO]: [bootstrap] Running Java 23 (Java HotSpot(TM) 64-Bit Server VM 23.0.2+7-58; Oracle Corporation null) on Windows 10 10.0 (amd64)
[18:01:40] [ServerMain/INFO]: [bootstrap] Loading Paper 1.21.8-60-main@29c8822 (2025-09-06T21:49:13Z) for Minecraft 1.21.8
[18:01:41] [ServerMain/INFO]: [PluginInitializerManager] Initializing plugins...
[18:01:41] [Paper Plugin Remapper Thread - 2/INFO]: [PluginRemapper] Remapping plugin 'plugins\moba-0.1.0.jar'...
[18:01:41] [Paper Plugin Remapper Thread - 2/INFO]: [PluginRemapper] Done remapping plugin 'plugins\moba-0.1.0.jar' in 389ms.
[18:01:42] [ServerMain/INFO]: [PluginInitializerManager] Initialized 1 plugin
[18:01:42] [ServerMain/INFO]: [PluginInitializerManager] Bukkit plugins (1):
 - Moba (0.1.0)
[18:01:46] [ServerMain/INFO]: Environment: Environment[sessionHost=https://sessionserver.mojang.com, servicesHost=https://api.minecraftservices.com, name=PROD]
[18:01:47] [ServerMain/INFO]: Loaded 1407 recipes
[18:01:47] [ServerMain/INFO]: Loaded 1520 advancements
[18:01:47] [ServerMain/INFO]: [ca.spottedleaf.dataconverter.minecraft.datatypes.MCTypeRegistry] Initialising converters for DataConverter...
[18:01:47] [ServerMain/INFO]: [ca.spottedleaf.dataconverter.minecraft.datatypes.MCTypeRegistry] Finished initialising converters for DataConverter in 253.3ms
[18:01:48] [Server thread/INFO]: Starting minecraft server version 1.21.8
[18:01:48] [Server thread/INFO]: Loading properties
[18:01:48] [Server thread/INFO]: This server is running Paper version 1.21.8-60-main@29c8822 (2025-09-06T21:49:13Z) (Implementing API version 1.21.8-R0.1-SNAPSHOT)
[18:01:48] [Server thread/INFO]: [spark] This server bundles the spark profiler. For more information please visit https://docs.papermc.io/paper/profiling
[18:01:48] [Server thread/INFO]: Server Ping Player Sample Count: 12
[18:01:48] [Server thread/INFO]: Using 4 threads for Netty based IO
[18:01:49] [Server thread/INFO]: [MoonriseCommon] Paper is using 4 worker threads, 1 I/O threads
[18:01:49] [Server thread/INFO]: [ChunkTaskScheduler] Chunk system is using population gen parallelism: true
[18:01:49] [Server thread/INFO]: Default game type: SURVIVAL
[18:01:49] [Server thread/INFO]: Generating keypair
[18:01:49] [Server thread/INFO]: Starting Minecraft server on *:25565
[18:01:49] [Server thread/INFO]: Using default channel type
[18:01:50] [Server thread/INFO]: Paper: Using Java compression from Velocity.
[18:01:50] [Server thread/INFO]: Paper: Using Java cipher from Velocity.
[18:01:50] [Server thread/INFO]: [Moba] Loading server plugin Moba v0.1.0
[18:01:50] [Server thread/INFO]: Server permissions file permissions.yml is empty, ignoring it
[18:01:50] [Server thread/INFO]: Preparing level "world"
[18:01:50] [Server thread/INFO]: Preparing start region for dimension minecraft:overworld
[18:01:50] [Server thread/INFO]: Preparing spawn area: 0%
[18:01:50] [Server thread/INFO]: Preparing spawn area: 42%
[18:01:51] [Server thread/INFO]: Time elapsed: 599 ms
[18:01:51] [Server thread/INFO]: Preparing start region for dimension minecraft:the_nether
[18:01:51] [Server thread/INFO]: Preparing spawn area: 0%
[18:01:51] [Server thread/INFO]: Time elapsed: 62 ms
[18:01:51] [Server thread/INFO]: Preparing start region for dimension minecraft:the_end
[18:01:51] [Server thread/INFO]: Preparing spawn area: 0%
[18:01:51] [Server thread/INFO]: Time elapsed: 60 ms
[18:01:51] [Server thread/INFO]: [Moba] Enabling Moba v0.1.0
[18:01:51] [Server thread/INFO]: [Moba] [MOBA] Lanes chargées: [top, bot, mid]
[18:01:51] [Server thread/INFO]: [Moba] Abilities init OK.
[18:01:51] [Server thread/INFO]: [Moba] Moba enabled!
[18:01:51] [Server thread/INFO]: [spark] Starting background profiler...
[18:01:51] [Server thread/INFO]: [spark] The async-profiler engine is not supported for your os/arch (windows10/amd64), so the built-in Java engine will be used instead.
[18:01:51] [Server thread/INFO]: Done preparing level "world" (1.286s)
[18:01:51] [Server thread/INFO]: Running delayed init tasks
[18:01:51] [Server thread/INFO]: Done (11.607s)! For help, type "help"
[18:02:11] [Server thread/INFO]: Stopping server
[18:02:11] [Server thread/INFO]: [Moba] Disabling Moba v0.1.0
[18:02:11] [Server thread/INFO]: [Moba] Moba disabled!
[18:02:11] [Server thread/INFO]: Saving players
[18:02:11] [Server thread/INFO]: Saving worlds
[18:02:11] [Server thread/INFO]: Saving chunks for level 'ServerLevel[world]'/minecraft:overworld
[18:02:11] [Server thread/INFO]: [ChunkHolderManager] Waiting 60s for chunk system to halt for world 'world'
[18:02:11] [Server thread/INFO]: [ChunkHolderManager] Halted chunk system for world 'world'
[18:02:11] [Server thread/INFO]: [ChunkHolderManager] Saving all chunkholders for world 'world'
[18:02:11] [Server thread/INFO]: [ChunkHolderManager] Saved 49 block chunks, 49 entity chunks, 0 poi chunks in world 'world' in 0.13s
[18:02:11] [Server thread/INFO]: [ChunkHolderManager] Waiting 60s for chunk I/O to halt for world 'world'
[18:02:11] [Server thread/INFO]: [ChunkHolderManager] Halted I/O scheduler for world 'world'
[18:02:11] [Server thread/INFO]: Saving chunks for level 'ServerLevel[world_nether]'/minecraft:the_nether
[18:02:11] [Server thread/INFO]: [ChunkHolderManager] Waiting 60s for chunk system to halt for world 'world_nether'
[18:02:11] [Server thread/INFO]: [ChunkHolderManager] Halted chunk system for world 'world_nether'
[18:02:11] [Server thread/INFO]: [ChunkHolderManager] Saving all chunkholders for world 'world_nether'
[18:02:11] [Server thread/INFO]: [ChunkHolderManager] Saved 49 block chunks, 49 entity chunks, 0 poi chunks in world 'world_nether' in 0.05s
[18:02:11] [Server thread/INFO]: [ChunkHolderManager] Waiting 60s for chunk I/O to halt for world 'world_nether'
[18:02:11] [Server thread/INFO]: [ChunkHolderManager] Halted I/O scheduler for world 'world_nether'
[18:02:11] [Server thread/INFO]: Saving chunks for level 'ServerLevel[world_the_end]'/minecraft:the_end
[18:02:11] [Server thread/INFO]: [ChunkHolderManager] Waiting 60s for chunk system to halt for world 'world_the_end'
[18:02:11] [Server thread/INFO]: [ChunkHolderManager] Halted chunk system for world 'world_the_end'
[18:02:11] [Server thread/INFO]: [ChunkHolderManager] Saving all chunkholders for world 'world_the_end'
[18:02:11] [Server thread/INFO]: [ChunkHolderManager] Saved 49 block chunks, 49 entity chunks, 0 poi chunks in world 'world_the_end' in 0.05s
[18:02:11] [Server thread/INFO]: [ChunkHolderManager] Waiting 60s for chunk I/O to halt for world 'world_the_end'
[18:02:11] [Server thread/INFO]: [ChunkHolderManager] Halted I/O scheduler for world 'world_the_end'
[18:02:11] [Server thread/INFO]: ThreadedAnvilChunkStorage (world): All chunks are saved
[18:02:11] [Server thread/INFO]: ThreadedAnvilChunkStorage (DIM-1): All chunks are saved
[18:02:11] [Server thread/INFO]: ThreadedAnvilChunkStorage (DIM1): All chunks are saved
[18:02:11] [Server thread/INFO]: ThreadedAnvilChunkStorage: All dimensions are saved
[18:02:11] [Server thread/INFO]: Waiting for all RegionFile I/O tasks to complete...
[18:02:11] [Server thread/INFO]: All RegionFile I/O tasks to complete
[18:02:11] [Server thread/INFO]: [MoonriseCommon] Awaiting termination of worker pool for up to 60s...
[18:02:11] [Server thread/INFO]: [MoonriseCommon] Awaiting termination of I/O pool for up to 60s...
